<?xml version="1.0" encoding="UTF-8"?>
<!-- Generated by org.testng.reporters.JUnitReportReporter -->
<testsuite skipped="0" hostname="dinesh" name="cts.testng.practise.LearningAttributesInTestNG" tests="3" failures="0" timestamp="२०२०-०३-२४T१५:५१:०१ IST" time="०.०७८" errors="0">
  <testcase name="TestC" time="०.००५" classname="cts.testng.practise.LearningAttributesInTestNG"/>
  <system-out/>
  <testcase name="TestB" time="०.०६९" classname="cts.testng.practise.LearningAttributesInTestNG"/>
  <system-out/>
  <testcase name="TestA" time="०.००४" classname="cts.testng.practise.LearningAttributesInTestNG"/>
  <system-out/>
</testsuite> <!-- cts.testng.practise.LearningAttributesInTestNG -->
