<?xml version="1.0" encoding="UTF-8"?>
<!-- Generated by org.testng.reporters.JUnitReportReporter -->
<testsuite skipped="0" hostname="dinesh" name="cts.testng.practise.Parallel2" tests="3" failures="0" timestamp="२०२०-०३-२४T१६:१५:२६ IST" time="०.०४१" errors="0">
  <testcase name="testcase4" time="०.०२४" classname="cts.testng.practise.Parallel2"/>
  <system-out/>
  <testcase name="testcase5" time="०.००८" classname="cts.testng.practise.Parallel2"/>
  <system-out/>
  <testcase name="testcase6" time="०.००९" classname="cts.testng.practise.Parallel2"/>
  <system-out/>
</testsuite> <!-- cts.testng.practise.Parallel2 -->
