<?xml version="1.0" encoding="UTF-8"?>
<!-- Generated by org.testng.reporters.JUnitReportReporter -->
<testsuite skipped="0" hostname="dinesh" name="cts.testng.practise.Sample2" tests="3" failures="0" timestamp="२०२०-०३-२४T१५:५०:१० IST" time="०.०६५" errors="0">
  <testcase name="TestC" time="०.००८" classname="cts.testng.practise.Sample2"/>
  <system-out/>
  <testcase name="TestA" time="०.०४०" classname="cts.testng.practise.Sample2"/>
  <system-out/>
  <testcase name="TestB" time="०.०१७" classname="cts.testng.practise.Sample2"/>
  <system-out/>
</testsuite> <!-- cts.testng.practise.Sample2 -->
