<?xml version="1.0" encoding="UTF-8"?>
<!-- Generated by org.testng.reporters.JUnitReportReporter -->
<testsuite skipped="0" hostname="dinesh" name="cts.testng.practise.Display" tests="8" failures="0" timestamp="२०२०-०३-२४T१५:२७:०५ IST" time="०.०४८" errors="0">
  <testcase name="customer2" time="०.००१" classname="cts.testng.practise.Display"/>
  <system-out/>
  <testcase name="vendor1" time="०.००२" classname="cts.testng.practise.Display"/>
  <system-out/>
  <testcase name="customer3" time="०.००३" classname="cts.testng.practise.Display"/>
  <system-out/>
  <testcase name="customer1" time="०.००३" classname="cts.testng.practise.Display"/>
  <system-out/>
  <testcase name="admin1" time="०.०१७" classname="cts.testng.practise.Display"/>
  <system-out/>
  <testcase name="admin2" time="०.००३" classname="cts.testng.practise.Display"/>
  <system-out/>
  <testcase name="vendor2" time="०.०१७" classname="cts.testng.practise.Display"/>
  <system-out/>
  <testcase name="vendor3" time="०.००२" classname="cts.testng.practise.Display"/>
  <system-out/>
</testsuite> <!-- cts.testng.practise.Display -->
